\BOOKMARK [0][-]{chapter.1}{\376\377\000\137\000\137\000i\000n\000i\000t\000\137\000\137}{}% 1
\BOOKMARK [1][-]{section.1.1}{\376\377\000H\000o\000w\000\040\000t\000o\000\040\000u\000s\000e}{chapter.1}% 2
\BOOKMARK [0][-]{chapter.2}{\376\377\000U\000s\000i\000n\000g\000\040\000F\000o\000r\000e\000s\000t\000F\000i\000r\000e}{}% 3
\BOOKMARK [1][-]{section.2.1}{\376\377\000O\000v\000e\000r\000v\000i\000e\000w}{chapter.2}% 4
\BOOKMARK [2][-]{subsection.2.1.1}{\376\377\000U\000t\000i\000l\000i\000z\000e\000d\000\040\000M\000o\000d\000u\000l\000e\000s}{section.2.1}% 5
\BOOKMARK [2][-]{subsection.2.1.2}{\376\377\000A\000b\000b\000r\000e\000v\000i\000a\000t\000i\000o\000n\000s}{section.2.1}% 6
\BOOKMARK [2][-]{subsection.2.1.3}{\376\377\000G\000l\000o\000s\000s\000a\000r\000y}{section.2.1}% 7
\BOOKMARK [2][-]{subsection.2.1.4}{\376\377\000R\000e\000f\000e\000r\000e\000n\000c\000e\000s}{section.2.1}% 8
\BOOKMARK [2][-]{subsection.2.1.5}{\376\377\000A\000b\000o\000u\000t\000\040\000t\000h\000e\000\040\000a\000u\000t\000h\000o\000r}{section.2.1}% 9
\BOOKMARK [1][-]{section.2.2}{\376\377\000I\000m\000p\000o\000r\000t\000\040\000D\000a\000t\000a}{chapter.2}% 10
\BOOKMARK [1][-]{section.2.3}{\376\377\000G\000e\000n\000e\000r\000a\000t\000e\000\040\000D\000a\000t\000a\000b\000a\000s\000e}{chapter.2}% 11
\BOOKMARK [1][-]{section.2.4}{\376\377\000E\000x\000e\000c\000u\000t\000i\000o\000n}{chapter.2}% 12
\BOOKMARK [2][-]{subsection.2.4.1}{\376\377\000H\000y\000p\000e\000r\000p\000a\000r\000a\000m\000e\000t\000e\000r\000s}{section.2.4}% 13
\BOOKMARK [2][-]{subsection.2.4.2}{\376\377\000D\000e\000m\000o\000\040\000M\000o\000d\000e\000\040\000\046\000\040\000P\000l\000o\000t}{section.2.4}% 14
\BOOKMARK [2][-]{subsection.2.4.3}{\376\377\000O\000u\000t\000p\000u\000t}{section.2.4}% 15
\BOOKMARK [0][-]{chapter.3}{\376\377\000B\000u\000i\000l\000d\000i\000n\000g\000\040\000a\000n\000d\000\040\000B\000u\000r\000n\000i\000n\000g\000\040\000R\000a\000n\000d\000o\000m\000\040\000F\000o\000r\000e\000s\000t\000s}{}% 16
\BOOKMARK [1][-]{section.3.1}{\376\377\000D\000e\000c\000i\000s\000i\000o\000n\000\040\000T\000r\000e\000e}{chapter.3}% 17
\BOOKMARK [2][-]{subsection.3.1.1}{\376\377\000B\000a\000s\000e\000\040\000C\000l\000a\000s\000s}{section.3.1}% 18
\BOOKMARK [2][-]{subsection.3.1.2}{\376\377\000H\000e\000l\000p\000e\000r\000\040\000F\000u\000n\000c\000t\000i\000o\000n\000s}{section.3.1}% 19
\BOOKMARK [2][-]{subsection.3.1.3}{\376\377\000B\000u\000i\000l\000d\000i\000n\000g\000\040\000a\000\040\000t\000r\000e\000e}{section.3.1}% 20
\BOOKMARK [2][-]{subsection.3.1.4}{\376\377\000C\000l\000a\000s\000s\000i\000f\000y\000i\000n\000g\000\040\000n\000e\000w\000\040\000o\000b\000s\000e\000r\000v\000a\000t\000i\000o\000n\000s}{section.3.1}% 21
\BOOKMARK [2][-]{subsection.3.1.5}{\376\377\000V\000i\000s\000u\000a\000l\000i\000z\000i\000n\000g\000\040\000a\000\040\000t\000r\000e\000e}{section.3.1}% 22
\BOOKMARK [2][-]{subsection.3.1.6}{\376\377\000S\000t\000o\000r\000i\000n\000g\000\040\000t\000h\000e\000\040\000t\000r\000e\000e\000\040\000s\000t\000r\000u\000c\000t\000u\000r\000e}{section.3.1}% 23
\BOOKMARK [1][-]{section.3.2}{\376\377\000R\000a\000n\000d\000o\000m\000\040\000F\000o\000r\000e\000s\000t}{chapter.3}% 24
\BOOKMARK [2][-]{subsection.3.2.1}{\376\377\000W\000h\000y\000\040\000a\000\040\000s\000i\000n\000g\000l\000e\000\040\000D\000e\000c\000i\000s\000i\000o\000n\000\040\000T\000r\000e\000e\000\040\000i\000s\000\040\000n\000o\000t\000\040\000e\000n\000o\000u\000g\000h}{section.3.2}% 25
\BOOKMARK [2][-]{subsection.3.2.2}{\376\377\000G\000r\000o\000w\000i\000n\000g\000\040\000a\000\040\000R\000a\000n\000d\000o\000m\000\040\000F\000o\000r\000e\000s\000t}{section.3.2}% 26
\BOOKMARK [2][-]{subsection.3.2.3}{\376\377\000E\000x\000t\000r\000a\000c\000t\000i\000n\000g\000\040\000t\000h\000e\000\040\000f\000e\000a\000t\000u\000r\000e\000\040\000I\000m\000p\000o\000r\000t\000a\000n\000c\000e\000\040\000f\000r\000o\000m\000\040\000a\000\040\000R\000a\000n\000d\000o\000m\000\040\000F\000o\000r\000e\000s\000t}{section.3.2}% 27
\BOOKMARK [2][-]{subsection.3.2.4}{\376\377\000P\000r\000e\000d\000i\000c\000t\000i\000n\000g\000\040\000n\000e\000w\000\040\000f\000e\000a\000t\000u\000r\000e\000\040\000s\000e\000t\000s}{section.3.2}% 28
\BOOKMARK [1][-]{section.3.3}{\376\377\000U\000p\000d\000a\000t\000e\000\040\000D\000a\000t\000a\000b\000a\000s\000e}{chapter.3}% 29
\BOOKMARK [0][-]{chapter.4}{\376\377\000E\000v\000a\000l\000u\000a\000t\000i\000o\000n\000\040\000M\000o\000d\000e}{}% 30
\BOOKMARK [1][-]{section.4.1}{\376\377\000E\000v\000a\000l\000u\000a\000t\000i\000o\000n\000\040\000M\000o\000d\000e}{chapter.4}% 31
\BOOKMARK [2][-]{subsection.4.1.1}{\376\377\000P\000l\000o\000t\000s}{section.4.1}% 32
\BOOKMARK [0][-]{chapter.5}{\376\377\000I\000n\000d\000i\000c\000e\000s\000\040\000a\000n\000d\000\040\000t\000a\000b\000l\000e\000s}{}% 33
\BOOKMARK [0][-]{chapter*.80}{\376\377\000B\000i\000b\000l\000i\000o\000g\000r\000a\000p\000h\000y}{}% 34
\BOOKMARK [0][-]{section*.82}{\376\377\000P\000y\000t\000h\000o\000n\000\040\000M\000o\000d\000u\000l\000e\000\040\000I\000n\000d\000e\000x}{}% 35
